<?xml version="1.0" encoding="UTF-8"?>
<testsuite name="Spring.calculator.CalculatorApplicationTests" tests="1" skipped="0" failures="0" errors="0" timestamp="2022-10-31T09:24:05" hostname="HP450G7" time="0.371">
  <properties/>
  <testcase name="contextLoads()" classname="Spring.calculator.CalculatorApplicationTests" time="0.371"/>
  <system-out><![CDATA[16:24:03.571 [Test worker] DEBUG org.springframework.test.context.BootstrapUtils - Instantiating CacheAwareContextLoaderDelegate from class [org.springframework.test.context.cache.DefaultCacheAwareContextLoaderDelegate]
16:24:03.590 [Test worker] DEBUG org.springframework.test.context.BootstrapUtils - Instantiating BootstrapContext using constructor [public org.springframework.test.context.support.DefaultBootstrapContext(java.lang.Class,org.springframework.test.context.CacheAwareContextLoaderDelegate)]
16:24:03.643 [Test worker] DEBUG org.springframework.test.context.BootstrapUtils - Instantiating TestContextBootstrapper for test class [Spring.calculator.CalculatorApplicationTests] from class [org.springframework.boot.test.context.SpringBootTestContextBootstrapper]
16:24:03.659 [Test worker] INFO org.springframework.boot.test.context.SpringBootTestContextBootstrapper - Neither @ContextConfiguration nor @ContextHierarchy found for test class [Spring.calculator.CalculatorApplicationTests], using SpringBootContextLoader
16:24:03.666 [Test worker] DEBUG org.springframework.test.context.support.AbstractContextLoader - Did not detect default resource location for test class [Spring.calculator.CalculatorApplicationTests]: class path resource [Spring/calculator/CalculatorApplicationTests-context.xml] does not exist
16:24:03.667 [Test worker] DEBUG org.springframework.test.context.support.AbstractContextLoader - Did not detect default resource location for test class [Spring.calculator.CalculatorApplicationTests]: class path resource [Spring/calculator/CalculatorApplicationTestsContext.groovy] does not exist
16:24:03.667 [Test worker] INFO org.springframework.test.context.support.AbstractContextLoader - Could not detect default resource locations for test class [Spring.calculator.CalculatorApplicationTests]: no resource found for suffixes {-context.xml, Context.groovy}.
16:24:03.668 [Test worker] INFO org.springframework.test.context.support.AnnotationConfigContextLoaderUtils - Could not detect default configuration classes for test class [Spring.calculator.CalculatorApplicationTests]: CalculatorApplicationTests does not declare any static, non-private, non-final, nested classes annotated with @Configuration.
16:24:03.719 [Test worker] DEBUG org.springframework.test.context.support.ActiveProfilesUtils - Could not find an 'annotation declaring class' for annotation type [org.springframework.test.context.ActiveProfiles] and class [Spring.calculator.CalculatorApplicationTests]
16:24:03.810 [Test worker] DEBUG org.springframework.context.annotation.ClassPathScanningCandidateComponentProvider - Identified candidate component class: file [/home/naul2354/Desktop/calculator1/build/classes/java/main/Spring/calculator/CalculatorApplication.class]
16:24:03.818 [Test worker] INFO org.springframework.boot.test.context.SpringBootTestContextBootstrapper - Found @SpringBootConfiguration Spring.calculator.CalculatorApplication for test class Spring.calculator.CalculatorApplicationTests
16:24:03.957 [Test worker] DEBUG org.springframework.boot.test.context.SpringBootTestContextBootstrapper - @TestExecutionListeners is not present for class [Spring.calculator.CalculatorApplicationTests]: using defaults.
16:24:03.958 [Test worker] INFO org.springframework.boot.test.context.SpringBootTestContextBootstrapper - Loaded default TestExecutionListener class names from location [META-INF/spring.factories]: [org.springframework.boot.test.autoconfigure.restdocs.RestDocsTestExecutionListener, org.springframework.boot.test.autoconfigure.web.client.MockRestServiceServerResetTestExecutionListener, org.springframework.boot.test.autoconfigure.web.servlet.MockMvcPrintOnlyOnFailureTestExecutionListener, org.springframework.boot.test.autoconfigure.web.servlet.WebDriverTestExecutionListener, org.springframework.boot.test.autoconfigure.webservices.client.MockWebServiceServerTestExecutionListener, org.springframework.boot.test.mock.mockito.MockitoTestExecutionListener, org.springframework.boot.test.mock.mockito.ResetMocksTestExecutionListener, org.springframework.test.context.web.ServletTestExecutionListener, org.springframework.test.context.support.DirtiesContextBeforeModesTestExecutionListener, org.springframework.test.context.event.ApplicationEventsTestExecutionListener, org.springframework.test.context.support.DependencyInjectionTestExecutionListener, org.springframework.test.context.support.DirtiesContextTestExecutionListener, org.springframework.test.context.transaction.TransactionalTestExecutionListener, org.springframework.test.context.jdbc.SqlScriptsTestExecutionListener, org.springframework.test.context.event.EventPublishingTestExecutionListener]
16:24:03.973 [Test worker] DEBUG org.springframework.boot.test.context.SpringBootTestContextBootstrapper - Skipping candidate TestExecutionListener [org.springframework.test.context.transaction.TransactionalTestExecutionListener] due to a missing dependency. Specify custom listener classes or make the default listener classes and their required dependencies available. Offending class: [org/springframework/transaction/interceptor/TransactionAttributeSource]
16:24:03.974 [Test worker] DEBUG org.springframework.boot.test.context.SpringBootTestContextBootstrapper - Skipping candidate TestExecutionListener [org.springframework.test.context.jdbc.SqlScriptsTestExecutionListener] due to a missing dependency. Specify custom listener classes or make the default listener classes and their required dependencies available. Offending class: [org/springframework/transaction/interceptor/TransactionAttribute]
16:24:03.974 [Test worker] INFO org.springframework.boot.test.context.SpringBootTestContextBootstrapper - Using TestExecutionListeners: [org.springframework.test.context.web.ServletTestExecutionListener@5308e79d, org.springframework.test.context.support.DirtiesContextBeforeModesTestExecutionListener@2431050d, org.springframework.test.context.event.ApplicationEventsTestExecutionListener@441016d6, org.springframework.boot.test.mock.mockito.MockitoTestExecutionListener@522f0bb8, org.springframework.boot.test.autoconfigure.SpringBootDependencyInjectionTestExecutionListener@468f2a6f, org.springframework.test.context.support.DirtiesContextTestExecutionListener@6a3a56de, org.springframework.test.context.event.EventPublishingTestExecutionListener@2ed84be9, org.springframework.boot.test.autoconfigure.restdocs.RestDocsTestExecutionListener@400e741, org.springframework.boot.test.autoconfigure.web.client.MockRestServiceServerResetTestExecutionListener@3be369fc, org.springframework.boot.test.autoconfigure.web.servlet.MockMvcPrintOnlyOnFailureTestExecutionListener@35744f8, org.springframework.boot.test.autoconfigure.web.servlet.WebDriverTestExecutionListener@6fbcc078, org.springframework.boot.test.autoconfigure.webservices.client.MockWebServiceServerTestExecutionListener@6c851821, org.springframework.boot.test.mock.mockito.ResetMocksTestExecutionListener@4c0930c4]
16:24:03.978 [Test worker] DEBUG org.springframework.test.context.support.AbstractDirtiesContextTestExecutionListener - Before test class: context [DefaultTestContext@169d4aba testClass = CalculatorApplicationTests, testInstance = [null], testMethod = [null], testException = [null], mergedContextConfiguration = [WebMergedContextConfiguration@612bb755 testClass = CalculatorApplicationTests, locations = '{}', classes = '{class Spring.calculator.CalculatorApplication}', contextInitializerClasses = '[]', activeProfiles = '{}', propertySourceLocations = '{}', propertySourceProperties = '{org.springframework.boot.test.context.SpringBootTestContextBootstrapper=true}', contextCustomizers = set[org.springframework.boot.test.autoconfigure.actuate.metrics.MetricsExportContextCustomizerFactory$DisableMetricExportContextCustomizer@204d9edf, org.springframework.boot.test.autoconfigure.properties.PropertyMappingContextCustomizer@0, org.springframework.boot.test.autoconfigure.web.servlet.WebDriverContextCustomizerFactory$Customizer@448ade1, org.springframework.boot.test.context.filter.ExcludeFilterContextCustomizer@7cfb8e98, org.springframework.boot.test.json.DuplicateJsonObjectContextCustomizerFactory$DuplicateJsonObjectContextCustomizer@4975dda1, org.springframework.boot.test.mock.mockito.MockitoContextCustomizer@0, org.springframework.boot.test.web.client.TestRestTemplateContextCustomizer@4f5c30b1, org.springframework.boot.test.context.SpringBootTestArgs@1, org.springframework.boot.test.context.SpringBootTestWebEnvironment@460510aa], resourceBasePath = 'src/main/webapp', contextLoader = 'org.springframework.boot.test.context.SpringBootContextLoader', parent = [null]], attributes = map['org.springframework.test.context.web.ServletTestExecutionListener.activateListener' -> true]], class annotated with @DirtiesContext [false] with mode [null].

  .   ____          _            __ _ _
 /\\ / ___'_ __ _ _(_)_ __  __ _ \ \ \ \
( ( )\___ | '_ | '_| | '_ \/ _` | \ \ \ \
 \\/  ___)| |_)| | | | | || (_| |  ) ) ) )
  '  |____| .__|_| |_|_| |_\__, | / / / /
 =========|_|==============|___/=/_/_/_/
 :: Spring Boot ::               (v2.6.13)

2022-10-31 16:24:04.399  INFO 40892 --- [    Test worker] S.calculator.CalculatorApplicationTests  : Starting CalculatorApplicationTests using Java 11.0.16 on HP450G7 with PID 40892 (started by naul2354 in /home/naul2354/Desktop/calculator1)
2022-10-31 16:24:04.401  INFO 40892 --- [    Test worker] S.calculator.CalculatorApplicationTests  : No active profile set, falling back to 1 default profile: "default"
2022-10-31 16:24:05.862  INFO 40892 --- [    Test worker] S.calculator.CalculatorApplicationTests  : Started CalculatorApplicationTests in 1.836 seconds (JVM running for 3.444)
]]></system-out>
  <system-err><![CDATA[]]></system-err>
</testsuite>
