<?xml version="1.0" encoding="UTF-8"?>
<testsuite name="Spring.calculator.CalculatorApplicationTests" tests="1" skipped="0" failures="0" errors="0" timestamp="2022-11-09T03:31:38" hostname="HP450G7" time="0.813">
  <properties/>
  <testcase name="contextLoads()" classname="Spring.calculator.CalculatorApplicationTests" time="0.813"/>
  <system-out><![CDATA[10:31:30.951 [Test worker] DEBUG org.springframework.test.context.BootstrapUtils - Instantiating CacheAwareContextLoaderDelegate from class [org.springframework.test.context.cache.DefaultCacheAwareContextLoaderDelegate]
10:31:30.999 [Test worker] DEBUG org.springframework.test.context.BootstrapUtils - Instantiating BootstrapContext using constructor [public org.springframework.test.context.support.DefaultBootstrapContext(java.lang.Class,org.springframework.test.context.CacheAwareContextLoaderDelegate)]
10:31:31.182 [Test worker] DEBUG org.springframework.test.context.BootstrapUtils - Instantiating TestContextBootstrapper for test class [Spring.calculator.CalculatorApplicationTests] from class [org.springframework.boot.test.context.SpringBootTestContextBootstrapper]
10:31:31.246 [Test worker] INFO org.springframework.boot.test.context.SpringBootTestContextBootstrapper - Neither @ContextConfiguration nor @ContextHierarchy found for test class [Spring.calculator.CalculatorApplicationTests], using SpringBootContextLoader
10:31:31.268 [Test worker] DEBUG org.springframework.test.context.support.AbstractContextLoader - Did not detect default resource location for test class [Spring.calculator.CalculatorApplicationTests]: class path resource [Spring/calculator/CalculatorApplicationTests-context.xml] does not exist
10:31:31.270 [Test worker] DEBUG org.springframework.test.context.support.AbstractContextLoader - Did not detect default resource location for test class [Spring.calculator.CalculatorApplicationTests]: class path resource [Spring/calculator/CalculatorApplicationTestsContext.groovy] does not exist
10:31:31.272 [Test worker] INFO org.springframework.test.context.support.AbstractContextLoader - Could not detect default resource locations for test class [Spring.calculator.CalculatorApplicationTests]: no resource found for suffixes {-context.xml, Context.groovy}.
10:31:31.276 [Test worker] INFO org.springframework.test.context.support.AnnotationConfigContextLoaderUtils - Could not detect default configuration classes for test class [Spring.calculator.CalculatorApplicationTests]: CalculatorApplicationTests does not declare any static, non-private, non-final, nested classes annotated with @Configuration.
10:31:31.581 [Test worker] DEBUG org.springframework.test.context.support.ActiveProfilesUtils - Could not find an 'annotation declaring class' for annotation type [org.springframework.test.context.ActiveProfiles] and class [Spring.calculator.CalculatorApplicationTests]
10:31:32.136 [Test worker] DEBUG org.springframework.context.annotation.ClassPathScanningCandidateComponentProvider - Identified candidate component class: file [/home/naul2354/Desktop/calculator1/build/classes/java/main/Spring/calculator/CalculatorApplication.class]
10:31:32.163 [Test worker] INFO org.springframework.boot.test.context.SpringBootTestContextBootstrapper - Found @SpringBootConfiguration Spring.calculator.CalculatorApplication for test class Spring.calculator.CalculatorApplicationTests
10:31:32.652 [Test worker] DEBUG org.springframework.boot.test.context.SpringBootTestContextBootstrapper - @TestExecutionListeners is not present for class [Spring.calculator.CalculatorApplicationTests]: using defaults.
10:31:32.654 [Test worker] INFO org.springframework.boot.test.context.SpringBootTestContextBootstrapper - Loaded default TestExecutionListener class names from location [META-INF/spring.factories]: [org.springframework.boot.test.autoconfigure.restdocs.RestDocsTestExecutionListener, org.springframework.boot.test.autoconfigure.web.client.MockRestServiceServerResetTestExecutionListener, org.springframework.boot.test.autoconfigure.web.servlet.MockMvcPrintOnlyOnFailureTestExecutionListener, org.springframework.boot.test.autoconfigure.web.servlet.WebDriverTestExecutionListener, org.springframework.boot.test.autoconfigure.webservices.client.MockWebServiceServerTestExecutionListener, org.springframework.boot.test.mock.mockito.MockitoTestExecutionListener, org.springframework.boot.test.mock.mockito.ResetMocksTestExecutionListener, org.springframework.test.context.web.ServletTestExecutionListener, org.springframework.test.context.support.DirtiesContextBeforeModesTestExecutionListener, org.springframework.test.context.event.ApplicationEventsTestExecutionListener, org.springframework.test.context.support.DependencyInjectionTestExecutionListener, org.springframework.test.context.support.DirtiesContextTestExecutionListener, org.springframework.test.context.transaction.TransactionalTestExecutionListener, org.springframework.test.context.jdbc.SqlScriptsTestExecutionListener, org.springframework.test.context.event.EventPublishingTestExecutionListener]
10:31:32.776 [Test worker] DEBUG org.springframework.boot.test.context.SpringBootTestContextBootstrapper - Skipping candidate TestExecutionListener [org.springframework.test.context.transaction.TransactionalTestExecutionListener] due to a missing dependency. Specify custom listener classes or make the default listener classes and their required dependencies available. Offending class: [org/springframework/transaction/interceptor/TransactionAttributeSource]
10:31:32.778 [Test worker] DEBUG org.springframework.boot.test.context.SpringBootTestContextBootstrapper - Skipping candidate TestExecutionListener [org.springframework.test.context.jdbc.SqlScriptsTestExecutionListener] due to a missing dependency. Specify custom listener classes or make the default listener classes and their required dependencies available. Offending class: [org/springframework/transaction/interceptor/TransactionAttribute]
10:31:32.779 [Test worker] INFO org.springframework.boot.test.context.SpringBootTestContextBootstrapper - Using TestExecutionListeners: [org.springframework.test.context.web.ServletTestExecutionListener@1e3dc24f, org.springframework.test.context.support.DirtiesContextBeforeModesTestExecutionListener@3ea8ff31, org.springframework.test.context.event.ApplicationEventsTestExecutionListener@5ba36c83, org.springframework.boot.test.mock.mockito.MockitoTestExecutionListener@5342032a, org.springframework.boot.test.autoconfigure.SpringBootDependencyInjectionTestExecutionListener@239d9cb7, org.springframework.test.context.support.DirtiesContextTestExecutionListener@5a35ae82, org.springframework.test.context.event.EventPublishingTestExecutionListener@1ab21633, org.springframework.boot.test.autoconfigure.restdocs.RestDocsTestExecutionListener@59aa1d1c, org.springframework.boot.test.autoconfigure.web.client.MockRestServiceServerResetTestExecutionListener@169d4aba, org.springframework.boot.test.autoconfigure.web.servlet.MockMvcPrintOnlyOnFailureTestExecutionListener@612bb755, org.springframework.boot.test.autoconfigure.web.servlet.WebDriverTestExecutionListener@6ba226cd, org.springframework.boot.test.autoconfigure.webservices.client.MockWebServiceServerTestExecutionListener@62e99458, org.springframework.boot.test.mock.mockito.ResetMocksTestExecutionListener@1eddca25]
10:31:32.813 [Test worker] DEBUG org.springframework.test.context.support.AbstractDirtiesContextTestExecutionListener - Before test class: context [DefaultTestContext@6fe243a testClass = CalculatorApplicationTests, testInstance = [null], testMethod = [null], testException = [null], mergedContextConfiguration = [WebMergedContextConfiguration@4c8a9266 testClass = CalculatorApplicationTests, locations = '{}', classes = '{class Spring.calculator.CalculatorApplication}', contextInitializerClasses = '[]', activeProfiles = '{}', propertySourceLocations = '{}', propertySourceProperties = '{org.springframework.boot.test.context.SpringBootTestContextBootstrapper=true}', contextCustomizers = set[org.springframework.boot.test.autoconfigure.actuate.metrics.MetricsExportContextCustomizerFactory$DisableMetricExportContextCustomizer@165614f5, org.springframework.boot.test.autoconfigure.properties.PropertyMappingContextCustomizer@0, org.springframework.boot.test.autoconfigure.web.servlet.WebDriverContextCustomizerFactory$Customizer@49b89425, org.springframework.boot.test.context.filter.ExcludeFilterContextCustomizer@760f1081, org.springframework.boot.test.json.DuplicateJsonObjectContextCustomizerFactory$DuplicateJsonObjectContextCustomizer@3915e7c3, org.springframework.boot.test.mock.mockito.MockitoContextCustomizer@0, org.springframework.boot.test.web.client.TestRestTemplateContextCustomizer@2094bf3d, org.springframework.boot.test.context.SpringBootTestArgs@1, org.springframework.boot.test.context.SpringBootTestWebEnvironment@25c53f74], resourceBasePath = 'src/main/webapp', contextLoader = 'org.springframework.boot.test.context.SpringBootContextLoader', parent = [null]], attributes = map['org.springframework.test.context.web.ServletTestExecutionListener.activateListener' -> true]], class annotated with @DirtiesContext [false] with mode [null].

  .   ____          _            __ _ _
 /\\ / ___'_ __ _ _(_)_ __  __ _ \ \ \ \
( ( )\___ | '_ | '_| | '_ \/ _` | \ \ \ \
 \\/  ___)| |_)| | | | | || (_| |  ) ) ) )
  '  |____| .__|_| |_|_| |_\__, | / / / /
 =========|_|==============|___/=/_/_/_/
 :: Spring Boot ::               (v2.6.13)

2022-11-09 10:31:34.658  INFO 57051 --- [    Test worker] S.calculator.CalculatorApplicationTests  : Starting CalculatorApplicationTests using Java 11.0.16 on HP450G7 with PID 57051 (started by naul2354 in /home/naul2354/Desktop/calculator1)
2022-11-09 10:31:34.662  INFO 57051 --- [    Test worker] S.calculator.CalculatorApplicationTests  : No active profile set, falling back to 1 default profile: "default"
2022-11-09 10:31:38.223  INFO 57051 --- [    Test worker] S.calculator.CalculatorApplicationTests  : Started CalculatorApplicationTests in 5.262 seconds (JVM running for 90.694)
]]></system-out>
  <system-err><![CDATA[]]></system-err>
</testsuite>
