<?xml version="1.0" encoding="UTF-8"?>
<testsuite name="Spring.calculator.calculatorTest" tests="1" skipped="0" failures="0" errors="0" timestamp="2022-10-24T05:22:03" hostname="HP450G7" time="0.009">
  <properties/>
  <testcase name="testSum()" classname="Spring.calculator.calculatorTest" time="0.009"/>
  <system-out><![CDATA[]]></system-out>
  <system-err><![CDATA[]]></system-err>
</testsuite>
