<?xml version="1.0" encoding="UTF-8"?>
<testsuite name="Spring.calculator.calculatorTest" tests="1" skipped="0" failures="0" errors="0" timestamp="2022-11-09T03:31:39" hostname="HP450G7" time="0.01">
  <properties/>
  <testcase name="testSum()" classname="Spring.calculator.calculatorTest" time="0.01"/>
  <system-out><![CDATA[]]></system-out>
  <system-err><![CDATA[]]></system-err>
</testsuite>
